Using pre-set license
Built from '2020.3/staging' branch; Version is '2020.3.14f1 (d0d1bb862f9d) revision 13685179'; Using compiler version '192528614'; Build Type 'Release'
OS: 'Windows 10 Education; OS build 19042.1645; Version 2009; 64bit' Language: 'en' Physical Memory: 16222 MB
BatchMode: 1, IsHumanControllingUs: 0, StartBugReporterOnCrash: 0, Is64bit: 1, IsPro: 0

 COMMAND LINE ARGUMENTS:
C:\Program Files\Unity\Hub\Editor\2020.3.14f1\Editor\Unity.exe
-adb2
-batchMode
-noUpm
-name
AssetImportWorker0
-projectPath
C:/Users/mkmihailov/Desktop/UnityRepository/UnityGameStuff/HamsterGame
-logFile
Logs/AssetImportWorker0.log
-srvPort
51320
Successfully changed project path to: C:/Users/mkmihailov/Desktop/UnityRepository/UnityGameStuff/HamsterGame
C:/Users/mkmihailov/Desktop/UnityRepository/UnityGameStuff/HamsterGame
Using Asset Import Pipeline V2.
Refreshing native plugins compatible for Editor in 35.30 ms, found 3 plugins.
Preloading 0 native plugins for Editor in 0.00 ms.
Initialize engine version: 2020.3.14f1 (d0d1bb862f9d)
[Subsystems] Discovering subsystems at path C:/Program Files/Unity/Hub/Editor/2020.3.14f1/Editor/Data/Resources/UnitySubsystems
[Subsystems] Discovering subsystems at path C:/Users/mkmihailov/Desktop/UnityRepository/UnityGameStuff/HamsterGame/Assets
GfxDevice: creating device client; threaded=0
Direct3D:
    Version:  Direct3D 11.0 [level 11.1]
    Renderer: NVIDIA Quadro P1000 (ID=0x1cb1)
    Vendor:   
    VRAM:     4019 MB
    Driver:   26.21.14.4336
Initialize mono
Mono path[0] = 'C:/Program Files/Unity/Hub/Editor/2020.3.14f1/Editor/Data/Managed'
Mono path[1] = 'C:/Program Files/Unity/Hub/Editor/2020.3.14f1/Editor/Data/MonoBleedingEdge/lib/mono/unityjit'
Mono config path = 'C:/Program Files/Unity/Hub/Editor/2020.3.14f1/Editor/Data/MonoBleedingEdge/etc'
Using monoOptions --debugger-agent=transport=dt_socket,embedding=1,server=y,suspend=n,address=127.0.0.1:56444
Begin MonoManager ReloadAssembly
Registering precompiled unity dll's ...
Register platform support module: C:/Program Files/Unity/Hub/Editor/2020.3.14f1/Editor/Data/PlaybackEngines/WindowsStandaloneSupport/UnityEditor.WindowsStandalone.Extensions.dll
Registered in 0.001690 seconds.
Native extension for WindowsStandalone target not found
Refreshing native plugins compatible for Editor in 33.36 ms, found 3 plugins.
Preloading 0 native plugins for Editor in 0.00 ms.
Mono: successfully reloaded assembly
- Completed reload, in  0.935 seconds
Domain Reload Profiling:
	ReloadAssembly (936ms)
		BeginReloadAssembly (45ms)
			ExecutionOrderSort (0ms)
			DisableScriptedObjects (0ms)
			BackupInstance (0ms)
			ReleaseScriptingObjects (0ms)
			CreateAndSetChildDomain (1ms)
		EndReloadAssembly (354ms)
			LoadAssemblies (43ms)
			RebuildTransferFunctionScriptingTraits (0ms)
			SetupTypeCache (129ms)
			ReleaseScriptCaches (0ms)
			RebuildScriptCaches (27ms)
			SetupLoadedEditorAssemblies (139ms)
				LogAssemblyErrors (0ms)
				InitializePlatformSupportModulesInManaged (3ms)
				SetLoadedEditorAssemblies (0ms)
				RefreshPlugins (33ms)
				BeforeProcessingInitializeOnLoad (12ms)
				ProcessInitializeOnLoadAttributes (67ms)
				ProcessInitializeOnLoadMethodAttributes (23ms)
				AfterProcessingInitializeOnLoad (0ms)
				EditorAssembliesLoaded (0ms)
			ExecutionOrderSort2 (0ms)
			AwakeInstancesAfterBackupRestoration (0ms)
Platform modules already initialized, skipping
Registering precompiled user dll's ...
Registered in 0.003794 seconds.
Begin MonoManager ReloadAssembly
Native extension for WindowsStandalone target not found
Refreshing native plugins compatible for Editor in 32.54 ms, found 3 plugins.
Preloading 0 native plugins for Editor in 0.00 ms.
Mono: successfully reloaded assembly
- Completed reload, in  0.945 seconds
Domain Reload Profiling:
	ReloadAssembly (945ms)
		BeginReloadAssembly (122ms)
			ExecutionOrderSort (0ms)
			DisableScriptedObjects (4ms)
			BackupInstance (0ms)
			ReleaseScriptingObjects (0ms)
			CreateAndSetChildDomain (16ms)
		EndReloadAssembly (771ms)
			LoadAssemblies (78ms)
			RebuildTransferFunctionScriptingTraits (0ms)
			SetupTypeCache (251ms)
			ReleaseScriptCaches (0ms)
			RebuildScriptCaches (41ms)
			SetupLoadedEditorAssemblies (297ms)
				LogAssemblyErrors (0ms)
				InitializePlatformSupportModulesInManaged (3ms)
				SetLoadedEditorAssemblies (0ms)
				RefreshPlugins (33ms)
				BeforeProcessingInitializeOnLoad (77ms)
				ProcessInitializeOnLoadAttributes (168ms)
				ProcessInitializeOnLoadMethodAttributes (10ms)
				AfterProcessingInitializeOnLoad (5ms)
				EditorAssembliesLoaded (0ms)
			ExecutionOrderSort2 (0ms)
			AwakeInstancesAfterBackupRestoration (6ms)
Platform modules already initialized, skipping
========================================================================
Worker process is ready to serve import requests
Launched and connected shader compiler UnityShaderCompiler.exe after 0.07 seconds
Refreshing native plugins compatible for Editor in 0.38 ms, found 3 plugins.
Preloading 0 native plugins for Editor in 0.00 ms.
Unloading 2116 Unused Serialized files (Serialized files now loaded: 0)
System memory in use before: 95.6 MB.
System memory in use after: 95.6 MB.

Unloading 33 unused Assets to reduce memory usage. Loaded Objects now: 2551.
Total: 2.376600 ms (FindLiveObjects: 0.205200 ms CreateObjectMapping: 0.073600 ms MarkObjects: 1.985500 ms  DeleteObjects: 0.111100 ms)

AssetImportParameters requested are different than current active one (requested -> active):
  custom:framework-win-MediaFoundation: 216162199b28c13a410421893ffa2e32 -> 
  custom:video-decoder-ogg-theora: a1e56fd34408186e4bbccfd4996cb3dc -> 
  custom:container-muxer-webm: aa71ff27fc2769a1b78a27578f13a17b -> 
  custom:container-demuxer-webm: 4f35f7cbe854078d1ac9338744f61a02 -> 
  custom:container-demuxer-ogg: 62fdf1f143b41e24485cea50d1cbac27 -> 
  custom:video-encoder-webm-vp8: eb34c28f22e8b96e1ab97ce403110664 -> 
  custom:video-decoder-webm-vp8: 9c59270c3fd7afecdb556c50c9e8de78 -> 
  custom:audio-decoder-ogg-vorbis: bf7c407c2cedff20999df2af8eb42d56 -> 
  custom:audio-encoder-webm-vorbis: bf7c407c2cedff20999df2af8eb42d56 -> 
========================================================================
Received Import Request.
  path: Assets/Scenes
  artifactKey: Guid(324cdc05a5cbc5c468ae0e3cff26e69b) Importer(815301076,1909f56bfc062723c751e8b465ee728b)
Start importing Assets/Scenes using Guid(324cdc05a5cbc5c468ae0e3cff26e69b) Importer(815301076,1909f56bfc062723c751e8b465ee728b)  -> (artifact id: '43ee95658a703eda87247739dfb82929') in 0.008187 seconds 
  Import took 0.010878 seconds .

========================================================================
Received Import Request.
  Time since last request: 0.381173 seconds.
  path: Assets/Scenes/Main Menu.unity
  artifactKey: Guid(e78b1e40399ad144bb3e1f7aa74e884f) Importer(815301076,1909f56bfc062723c751e8b465ee728b)
Start importing Assets/Scenes/Main Menu.unity using Guid(e78b1e40399ad144bb3e1f7aa74e884f) Importer(815301076,1909f56bfc062723c751e8b465ee728b)  -> (artifact id: '17d77e87c15549ee211e6becee3abca6') in 0.007655 seconds 
  Import took 0.010547 seconds .

========================================================================
Received Prepare
Refreshing native plugins compatible for Editor in 3.28 ms, found 3 plugins.
Preloading 0 native plugins for Editor in 0.00 ms.
Unloading 19 Unused Serialized files (Serialized files now loaded: 0)
System memory in use before: 53.0 MB.
System memory in use after: 53.0 MB.

Unloading 19 unused Assets to reduce memory usage. Loaded Objects now: 2551.
Total: 2.342300 ms (FindLiveObjects: 0.159800 ms CreateObjectMapping: 0.069900 ms MarkObjects: 2.030400 ms  DeleteObjects: 0.081500 ms)

AssetImportParameters requested are different than current active one (requested -> active):
  custom:framework-win-MediaFoundation: 216162199b28c13a410421893ffa2e32 -> 
  custom:video-decoder-ogg-theora: a1e56fd34408186e4bbccfd4996cb3dc -> 
  custom:container-muxer-webm: aa71ff27fc2769a1b78a27578f13a17b -> 
  custom:container-demuxer-webm: 4f35f7cbe854078d1ac9338744f61a02 -> 
  custom:container-demuxer-ogg: 62fdf1f143b41e24485cea50d1cbac27 -> 
  custom:video-encoder-webm-vp8: eb34c28f22e8b96e1ab97ce403110664 -> 
  custom:video-decoder-webm-vp8: 9c59270c3fd7afecdb556c50c9e8de78 -> 
  custom:audio-decoder-ogg-vorbis: bf7c407c2cedff20999df2af8eb42d56 -> 
  custom:audio-encoder-webm-vorbis: bf7c407c2cedff20999df2af8eb42d56 -> 
========================================================================
Received Import Request.
  Time since last request: 543.860947 seconds.
  path: Assets/Scenes/Level.unity
  artifactKey: Guid(3f23384d767cdc24d93767d2ff078acf) Importer(815301076,1909f56bfc062723c751e8b465ee728b)
Start importing Assets/Scenes/Level.unity using Guid(3f23384d767cdc24d93767d2ff078acf) Importer(815301076,1909f56bfc062723c751e8b465ee728b)  -> (artifact id: '62dd6d93ab83cafeb27151dd0dbcddce') in 0.006637 seconds 
  Import took 0.010048 seconds .

========================================================================
Received Import Request.
  Time since last request: 118.434295 seconds.
  path: Assets/Scenes/Template.unity
  artifactKey: Guid(08b31e8c78010104a98b3ac6573f749c) Importer(815301076,1909f56bfc062723c751e8b465ee728b)
Start importing Assets/Scenes/Template.unity using Guid(08b31e8c78010104a98b3ac6573f749c) Importer(815301076,1909f56bfc062723c751e8b465ee728b)  -> (artifact id: '56b80d415c0f26d31e9b95e295f02a37') in 0.006409 seconds 
  Import took 0.009430 seconds .

========================================================================
Received Prepare
Registering precompiled user dll's ...
Registered in 0.003419 seconds.
Begin MonoManager ReloadAssembly
Native extension for WindowsStandalone target not found
Refreshing native plugins compatible for Editor in 0.47 ms, found 3 plugins.
Preloading 0 native plugins for Editor in 0.00 ms.
Mono: successfully reloaded assembly
- Completed reload, in  0.877 seconds
Domain Reload Profiling:
	ReloadAssembly (877ms)
		BeginReloadAssembly (111ms)
			ExecutionOrderSort (0ms)
			DisableScriptedObjects (6ms)
			BackupInstance (0ms)
			ReleaseScriptingObjects (0ms)
			CreateAndSetChildDomain (31ms)
		EndReloadAssembly (714ms)
			LoadAssemblies (73ms)
			RebuildTransferFunctionScriptingTraits (0ms)
			SetupTypeCache (239ms)
			ReleaseScriptCaches (1ms)
			RebuildScriptCaches (35ms)
			SetupLoadedEditorAssemblies (278ms)
				LogAssemblyErrors (0ms)
				InitializePlatformSupportModulesInManaged (4ms)
				SetLoadedEditorAssemblies (0ms)
				RefreshPlugins (1ms)
				BeforeProcessingInitializeOnLoad (79ms)
				ProcessInitializeOnLoadAttributes (183ms)
				ProcessInitializeOnLoadMethodAttributes (5ms)
				AfterProcessingInitializeOnLoad (5ms)
				EditorAssembliesLoaded (0ms)
			ExecutionOrderSort2 (0ms)
			AwakeInstancesAfterBackupRestoration (8ms)
Platform modules already initialized, skipping
Refreshing native plugins compatible for Editor in 0.38 ms, found 3 plugins.
Preloading 0 native plugins for Editor in 0.00 ms.
Unloading 2098 Unused Serialized files (Serialized files now loaded: 0)
System memory in use before: 94.3 MB.
System memory in use after: 94.3 MB.

Unloading 21 unused Assets to reduce memory usage. Loaded Objects now: 2555.
Total: 2.102300 ms (FindLiveObjects: 0.174600 ms CreateObjectMapping: 0.060600 ms MarkObjects: 1.776500 ms  DeleteObjects: 0.089800 ms)

AssetImportParameters requested are different than current active one (requested -> active):
  custom:framework-win-MediaFoundation: 216162199b28c13a410421893ffa2e32 -> 
  custom:video-decoder-ogg-theora: a1e56fd34408186e4bbccfd4996cb3dc -> 
  custom:container-muxer-webm: aa71ff27fc2769a1b78a27578f13a17b -> 
  custom:container-demuxer-webm: 4f35f7cbe854078d1ac9338744f61a02 -> 
  custom:container-demuxer-ogg: 62fdf1f143b41e24485cea50d1cbac27 -> 
  custom:video-encoder-webm-vp8: eb34c28f22e8b96e1ab97ce403110664 -> 
  custom:video-decoder-webm-vp8: 9c59270c3fd7afecdb556c50c9e8de78 -> 
  custom:audio-decoder-ogg-vorbis: bf7c407c2cedff20999df2af8eb42d56 -> 
  custom:audio-encoder-webm-vorbis: bf7c407c2cedff20999df2af8eb42d56 -> 
========================================================================
Received Import Request.
  Time since last request: 196.806337 seconds.
  path: Assets/Prefabs/Instantiated/DeathExploder.prefab
  artifactKey: Guid(848038eff06288146b4468354e4dad4a) Importer(815301076,1909f56bfc062723c751e8b465ee728b)
Start importing Assets/Prefabs/Instantiated/DeathExploder.prefab using Guid(848038eff06288146b4468354e4dad4a) Importer(815301076,1909f56bfc062723c751e8b465ee728b)  -> (artifact id: '8cd10905f45fcc85855bdf86221091ee') in 0.099203 seconds 
  Import took 0.102241 seconds .

========================================================================
Received Import Request.
  Time since last request: 0.000271 seconds.
  path: Assets/Prefabs/Instantiated/Snowball.prefab
  artifactKey: Guid(d25c93edc6584d84fb3a52290ea5cdba) Importer(815301076,1909f56bfc062723c751e8b465ee728b)
Start importing Assets/Prefabs/Instantiated/Snowball.prefab using Guid(d25c93edc6584d84fb3a52290ea5cdba) Importer(815301076,1909f56bfc062723c751e8b465ee728b)  -> (artifact id: '50e136e5fe1b9d7b3c85625263f1ab44') in 0.011917 seconds 
  Import took 0.014741 seconds .

========================================================================
Received Import Request.
  Time since last request: 0.003951 seconds.
  path: Assets/Prefabs/Instantiated/Snowball.prefab
  artifactKey: Guid(d25c93edc6584d84fb3a52290ea5cdba) Importer(815301076,1909f56bfc062723c751e8b465ee728b)
Start importing Assets/Prefabs/Instantiated/Snowball.prefab using Guid(d25c93edc6584d84fb3a52290ea5cdba) Importer(815301076,1909f56bfc062723c751e8b465ee728b)  -> (artifact id: '50e136e5fe1b9d7b3c85625263f1ab44') in 0.007171 seconds 
  Import took 0.010129 seconds .

========================================================================
Received Import Request.
  Time since last request: 0.528560 seconds.
  path: Assets/Prefabs/TileMap/Floor.prefab
  artifactKey: Guid(4147bfd0292cc1e42b03f64d5c9bb4c8) Importer(815301076,1909f56bfc062723c751e8b465ee728b)
Start importing Assets/Prefabs/TileMap/Floor.prefab using Guid(4147bfd0292cc1e42b03f64d5c9bb4c8) Importer(815301076,1909f56bfc062723c751e8b465ee728b)  -> (artifact id: '08cfef08a2c2f150a8919b2b8a1397af') in 0.020133 seconds 
  Import took 0.023210 seconds .

========================================================================
Received Import Request.
  Time since last request: 31.644805 seconds.
  path: Assets/Materials/Moving Side Wall.physicsMaterial2D
  artifactKey: Guid(32cbb5d7922a0f44982442f749ba57a6) Importer(815301076,1909f56bfc062723c751e8b465ee728b)
Start importing Assets/Materials/Moving Side Wall.physicsMaterial2D using Guid(32cbb5d7922a0f44982442f749ba57a6) Importer(815301076,1909f56bfc062723c751e8b465ee728b)  -> (artifact id: 'c7f79ea3abf75c5edfa9b0e64941754e') in 0.009485 seconds 
  Import took 0.012633 seconds .

========================================================================
Received Import Request.
  Time since last request: 0.000287 seconds.
  path: Assets/Materials/Side Walls.physicsMaterial2D
  artifactKey: Guid(284c9ba4ce714fa4a976fb94d0736f54) Importer(815301076,1909f56bfc062723c751e8b465ee728b)
Start importing Assets/Materials/Side Walls.physicsMaterial2D using Guid(284c9ba4ce714fa4a976fb94d0736f54) Importer(815301076,1909f56bfc062723c751e8b465ee728b)  -> (artifact id: '245bb637f8429717266c3415734c5640') in 0.002304 seconds 
  Import took 0.004700 seconds .

========================================================================
Received Import Request.
  Time since last request: 0.488565 seconds.
  path: Assets/Fonts/COMIC.TTF
  artifactKey: Guid(c95c806ea06cde343b28de8d937310d1) Importer(815301076,1909f56bfc062723c751e8b465ee728b)
Start importing Assets/Fonts/COMIC.TTF using Guid(c95c806ea06cde343b28de8d937310d1) Importer(815301076,1909f56bfc062723c751e8b465ee728b)  -> (artifact id: '37833138781472ad6a48db5cf3527456') in 0.033244 seconds 
  Import took 0.036658 seconds .

========================================================================
Received Import Request.
  Time since last request: 42.961931 seconds.
  path: Assets/Scenes/Level.unity
  artifactKey: Guid(3f23384d767cdc24d93767d2ff078acf) Importer(815301076,1909f56bfc062723c751e8b465ee728b)
Start importing Assets/Scenes/Level.unity using Guid(3f23384d767cdc24d93767d2ff078acf) Importer(815301076,1909f56bfc062723c751e8b465ee728b)  -> (artifact id: '20e946bd8c08856b5e265d47a644f60d') in 0.002469 seconds 
  Import took 0.005421 seconds .

========================================================================
Received Import Request.
  Time since last request: 12.907307 seconds.
  path: Assets/Scenes/Level6.unity
  artifactKey: Guid(3f23384d767cdc24d93767d2ff078acf) Importer(815301076,1909f56bfc062723c751e8b465ee728b)
Start importing Assets/Scenes/Level6.unity using Guid(3f23384d767cdc24d93767d2ff078acf) Importer(815301076,1909f56bfc062723c751e8b465ee728b)  -> (artifact id: '2a21d4dd978a57997ee0c005827e6fb2') in 0.005542 seconds 
  Import took 0.008476 seconds .

========================================================================
Received Import Request.
  Time since last request: 125.090466 seconds.
  path: Assets/pause.png
  artifactKey: Guid(7aa397b8cf5eb3d4ba28a439b7d80e1c) Importer(815301076,1909f56bfc062723c751e8b465ee728b)
Start importing Assets/pause.png using Guid(7aa397b8cf5eb3d4ba28a439b7d80e1c) Importer(815301076,1909f56bfc062723c751e8b465ee728b)  -> (artifact id: '7b80c29cd640ecc06a25557dac93b2c6') in 0.029977 seconds 
  Import took 0.033040 seconds .

========================================================================
Received Import Request.
  Time since last request: 0.024648 seconds.
  path: Assets/pause.png
  artifactKey: Guid(7aa397b8cf5eb3d4ba28a439b7d80e1c) Importer(815301076,1909f56bfc062723c751e8b465ee728b)
Start importing Assets/pause.png using Guid(7aa397b8cf5eb3d4ba28a439b7d80e1c) Importer(815301076,1909f56bfc062723c751e8b465ee728b)  -> (artifact id: '7b80c29cd640ecc06a25557dac93b2c6') in 0.008911 seconds 
  Import took 0.012513 seconds .

========================================================================
Received Import Request.
  Time since last request: 3.604013 seconds.
  path: Assets/Play.png
  artifactKey: Guid(10322cb3b8777e942b0e17b08a709171) Importer(815301076,1909f56bfc062723c751e8b465ee728b)
Start importing Assets/Play.png using Guid(10322cb3b8777e942b0e17b08a709171) Importer(815301076,1909f56bfc062723c751e8b465ee728b)  -> (artifact id: '9eba64f4ac2ff38b611fbca0e38b8182') in 0.016095 seconds 
  Import took 0.019626 seconds .

========================================================================
Received Import Request.
  Time since last request: 97.691381 seconds.
  path: Assets/Play.png
  artifactKey: Guid(10322cb3b8777e942b0e17b08a709171) Importer(815301076,1909f56bfc062723c751e8b465ee728b)
Start importing Assets/Play.png using Guid(10322cb3b8777e942b0e17b08a709171) Importer(815301076,1909f56bfc062723c751e8b465ee728b)  -> (artifact id: '88d02a39932c4f6e7a3991d196f13ff7') in 0.016654 seconds 
  Import took 0.019586 seconds .

========================================================================
Received Import Request.
  Time since last request: 9.414229 seconds.
  path: Assets/pause.png
  artifactKey: Guid(7aa397b8cf5eb3d4ba28a439b7d80e1c) Importer(815301076,1909f56bfc062723c751e8b465ee728b)
Start importing Assets/pause.png using Guid(7aa397b8cf5eb3d4ba28a439b7d80e1c) Importer(815301076,1909f56bfc062723c751e8b465ee728b)  -> (artifact id: 'b9085e3717024b1f156bc04466b1fc6d') in 0.013018 seconds 
  Import took 0.016304 seconds .

========================================================================
Received Import Request.
  Time since last request: 70.977780 seconds.
  path: Assets/Prefabs/Button.prefab
  artifactKey: Guid(dcca691b86e25b947b39d0a06bfe3b9e) Importer(815301076,1909f56bfc062723c751e8b465ee728b)
Start importing Assets/Prefabs/Button.prefab using Guid(dcca691b86e25b947b39d0a06bfe3b9e) Importer(815301076,1909f56bfc062723c751e8b465ee728b)  -> (artifact id: '6a930dc6ef6e0e8a534954bf20194988') in 0.019083 seconds 
  Import took 0.022967 seconds .

========================================================================
Received Import Request.
  Time since last request: 0.000260 seconds.
  path: Assets/Prefabs/MovingObjectHorizontal.prefab
  artifactKey: Guid(4f0b4049825a1074ab10988b52394e77) Importer(815301076,1909f56bfc062723c751e8b465ee728b)
Start importing Assets/Prefabs/MovingObjectHorizontal.prefab using Guid(4f0b4049825a1074ab10988b52394e77) Importer(815301076,1909f56bfc062723c751e8b465ee728b)  -> (artifact id: 'c9b9a6db741e670bedf0759a331a9130') in 0.010075 seconds 
  Import took 0.013171 seconds .

========================================================================
Received Import Request.
  Time since last request: 0.000282 seconds.
  path: Assets/Prefabs/Cannon.prefab
  artifactKey: Guid(5cd4630ddb9e3da42a612d5af1789c83) Importer(815301076,1909f56bfc062723c751e8b465ee728b)
Start importing Assets/Prefabs/Cannon.prefab using Guid(5cd4630ddb9e3da42a612d5af1789c83) Importer(815301076,1909f56bfc062723c751e8b465ee728b)  -> (artifact id: '3d47880f08842bb9a83282008848d3c0') in 0.011703 seconds 
  Import took 0.015043 seconds .

========================================================================
Received Import Request.
  Time since last request: 0.000273 seconds.
  path: Assets/Prefabs/Ice Spike.prefab
  artifactKey: Guid(6f6be4f71ac6176418123dfaa7f5d71f) Importer(815301076,1909f56bfc062723c751e8b465ee728b)
Start importing Assets/Prefabs/Ice Spike.prefab using Guid(6f6be4f71ac6176418123dfaa7f5d71f) Importer(815301076,1909f56bfc062723c751e8b465ee728b)  -> (artifact id: '5b56ef5b3f35e01def6240bce5fbf347') in 0.009587 seconds 
  Import took 0.012858 seconds .

========================================================================
Received Import Request.
  Time since last request: 0.000273 seconds.
  path: Assets/Prefabs/Cannon.prefab
  artifactKey: Guid(5cd4630ddb9e3da42a612d5af1789c83) Importer(815301076,1909f56bfc062723c751e8b465ee728b)
Start importing Assets/Prefabs/Cannon.prefab using Guid(5cd4630ddb9e3da42a612d5af1789c83) Importer(815301076,1909f56bfc062723c751e8b465ee728b)  -> (artifact id: '3d47880f08842bb9a83282008848d3c0') in 0.010154 seconds 
  Import took 0.013636 seconds .

========================================================================
Received Import Request.
  Time since last request: 0.000286 seconds.
  path: Assets/Prefabs/Icicle.prefab
  artifactKey: Guid(671d8cb92860bc54487f31d28a3c3cf0) Importer(815301076,1909f56bfc062723c751e8b465ee728b)
Start importing Assets/Prefabs/Icicle.prefab using Guid(671d8cb92860bc54487f31d28a3c3cf0) Importer(815301076,1909f56bfc062723c751e8b465ee728b)  -> (artifact id: 'ae534c18a7030230c0d8d41c38412b68') in 0.014605 seconds 
  Import took 0.018238 seconds .

========================================================================
Received Import Request.
  Time since last request: 0.000260 seconds.
  path: Assets/Prefabs/One Way Platform.prefab
  artifactKey: Guid(145d0ea45bb9e724c92d952d75d79ac6) Importer(815301076,1909f56bfc062723c751e8b465ee728b)
Start importing Assets/Prefabs/One Way Platform.prefab using Guid(145d0ea45bb9e724c92d952d75d79ac6) Importer(815301076,1909f56bfc062723c751e8b465ee728b)  -> (artifact id: '3dd6351359d17fd3777de799c93a553e') in 0.017408 seconds 
  Import took 0.020084 seconds .

========================================================================
Received Import Request.
  Time since last request: 0.000258 seconds.
  path: Assets/Prefabs/MovingObjectVertical.prefab
  artifactKey: Guid(39f76b9273757174bb411670da640c40) Importer(815301076,1909f56bfc062723c751e8b465ee728b)
Start importing Assets/Prefabs/MovingObjectVertical.prefab using Guid(39f76b9273757174bb411670da640c40) Importer(815301076,1909f56bfc062723c751e8b465ee728b)  -> (artifact id: '5eec637e88a31af682b06ef8e966d09f') in 0.010492 seconds 
  Import took 0.013317 seconds .

========================================================================
Received Import Request.
  Time since last request: 0.000250 seconds.
  path: Assets/Prefabs/Crate.prefab
  artifactKey: Guid(b73dc184f2a4a224db1805b0861189e5) Importer(815301076,1909f56bfc062723c751e8b465ee728b)
Start importing Assets/Prefabs/Crate.prefab using Guid(b73dc184f2a4a224db1805b0861189e5) Importer(815301076,1909f56bfc062723c751e8b465ee728b)  -> (artifact id: 'b8c91dcb1c8c61cad7b5391e9b3550dc') in 0.011582 seconds 
  Import took 0.014476 seconds .

========================================================================
Received Import Request.
  Time since last request: 0.002854 seconds.
  path: Assets/Prefabs/Crate.prefab
  artifactKey: Guid(b73dc184f2a4a224db1805b0861189e5) Importer(815301076,1909f56bfc062723c751e8b465ee728b)
Start importing Assets/Prefabs/Crate.prefab using Guid(b73dc184f2a4a224db1805b0861189e5) Importer(815301076,1909f56bfc062723c751e8b465ee728b)  -> (artifact id: 'b8c91dcb1c8c61cad7b5391e9b3550dc') in 0.007315 seconds 
  Import took 0.010203 seconds .

========================================================================
Received Import Request.
  Time since last request: 1.002708 seconds.
  path: Assets/Prefabs/Required
  artifactKey: Guid(846a3b5514e7c1647a95e41714fa80b3) Importer(815301076,1909f56bfc062723c751e8b465ee728b)
Start importing Assets/Prefabs/Required using Guid(846a3b5514e7c1647a95e41714fa80b3) Importer(815301076,1909f56bfc062723c751e8b465ee728b)  -> (artifact id: '9e9ae70330391256b9e2867a130c1932') in 0.005256 seconds 
  Import took 0.008429 seconds .

========================================================================
Received Import Request.
  Time since last request: 0.081534 seconds.
  path: Assets/Prefabs/Required/Background.png
  artifactKey: Guid(cc132aea48f843f459e0234388b06b3b) Importer(815301076,1909f56bfc062723c751e8b465ee728b)
Start importing Assets/Prefabs/Required/Background.png using Guid(cc132aea48f843f459e0234388b06b3b) Importer(815301076,1909f56bfc062723c751e8b465ee728b)  -> (artifact id: '02813c713a2abb7c8883f2322a210724') in 0.013433 seconds 
  Import took 0.017784 seconds .

========================================================================
Received Import Request.
  Time since last request: 0.000264 seconds.
  path: Assets/Prefabs/Required/Main Camera.prefab
  artifactKey: Guid(da68198d94b992042a906053b7d4df31) Importer(815301076,1909f56bfc062723c751e8b465ee728b)
Start importing Assets/Prefabs/Required/Main Camera.prefab using Guid(da68198d94b992042a906053b7d4df31) Importer(815301076,1909f56bfc062723c751e8b465ee728b)  -> (artifact id: 'f6b210d1d435016013d1f2fcd013b1d8') in 0.007458 seconds 
  Import took 0.010497 seconds .

========================================================================
Received Import Request.
  Time since last request: 0.000237 seconds.
  path: Assets/Prefabs/Required/Death Canvas.prefab
  artifactKey: Guid(e68354aa515a3894cbc9e30405e8cb83) Importer(815301076,1909f56bfc062723c751e8b465ee728b)
Start importing Assets/Prefabs/Required/Death Canvas.prefab using Guid(e68354aa515a3894cbc9e30405e8cb83) Importer(815301076,1909f56bfc062723c751e8b465ee728b)  -> (artifact id: 'f13ae1a443b11f9a941fe7e4954bea33') in 0.020003 seconds 
  Import took 0.022850 seconds .

========================================================================
Received Import Request.
  Time since last request: 0.000320 seconds.
  path: Assets/Prefabs/Required/Default Canvas.prefab
  artifactKey: Guid(662f1953393a30f4684f03a73302d280) Importer(815301076,1909f56bfc062723c751e8b465ee728b)
Start importing Assets/Prefabs/Required/Default Canvas.prefab using Guid(662f1953393a30f4684f03a73302d280) Importer(815301076,1909f56bfc062723c751e8b465ee728b)  -> (artifact id: 'efd847ac8def8c7778d0659b5cb61a85') in 0.011130 seconds 
  Import took 0.014574 seconds .

========================================================================
Received Import Request.
  Time since last request: 0.000211 seconds.
  path: Assets/Prefabs/Required/Game Manager.prefab
  artifactKey: Guid(1840b94e34b196e4fb7f7b8a2582d7e5) Importer(815301076,1909f56bfc062723c751e8b465ee728b)
Start importing Assets/Prefabs/Required/Game Manager.prefab using Guid(1840b94e34b196e4fb7f7b8a2582d7e5) Importer(815301076,1909f56bfc062723c751e8b465ee728b)  -> (artifact id: 'f3c68a631cc50dfc79b29682e41a76bb') in 0.014149 seconds 
  Import took 0.017112 seconds .

========================================================================
Received Import Request.
  Time since last request: 0.000267 seconds.
  path: Assets/Prefabs/Required/Ground.prefab
  artifactKey: Guid(2f6582879fc7dd24fb0a037a09c76d79) Importer(815301076,1909f56bfc062723c751e8b465ee728b)
Start importing Assets/Prefabs/Required/Ground.prefab using Guid(2f6582879fc7dd24fb0a037a09c76d79) Importer(815301076,1909f56bfc062723c751e8b465ee728b)  -> (artifact id: '9193632b571d6767c011272e91dab95d') in 0.011847 seconds 
  Import took 0.014976 seconds .

========================================================================
Received Import Request.
  Time since last request: 0.000258 seconds.
  path: Assets/Prefabs/Required/Door1.prefab
  artifactKey: Guid(421d851a358ce2249bf16639da65e142) Importer(815301076,1909f56bfc062723c751e8b465ee728b)
Start importing Assets/Prefabs/Required/Door1.prefab using Guid(421d851a358ce2249bf16639da65e142) Importer(815301076,1909f56bfc062723c751e8b465ee728b)  -> (artifact id: 'f1a654ba3af490acf6c32a55d1d6a3f7') in 0.011289 seconds 
  Import took 0.014286 seconds .

========================================================================
Received Import Request.
  Time since last request: 0.000280 seconds.
  path: Assets/Prefabs/Required/Door2.prefab
  artifactKey: Guid(ed2ebd0afceca654fb46d88cfcd82bcb) Importer(815301076,1909f56bfc062723c751e8b465ee728b)
Start importing Assets/Prefabs/Required/Door2.prefab using Guid(ed2ebd0afceca654fb46d88cfcd82bcb) Importer(815301076,1909f56bfc062723c751e8b465ee728b)  -> (artifact id: '5e86c4fac537b8944b97bddd0d312be2') in 0.012551 seconds 
  Import took 0.015520 seconds .

========================================================================
Received Import Request.
  Time since last request: 0.000270 seconds.
  path: Assets/Prefabs/Required/Player1.prefab
  artifactKey: Guid(d98351e9f3898cd44bd88a400ce9cb00) Importer(815301076,1909f56bfc062723c751e8b465ee728b)
Start importing Assets/Prefabs/Required/Player1.prefab using Guid(d98351e9f3898cd44bd88a400ce9cb00) Importer(815301076,1909f56bfc062723c751e8b465ee728b)  -> (artifact id: 'b4b92f5c6b85393a195e2ade388befc4') in 0.012959 seconds 
  Import took 0.016377 seconds .

========================================================================
Received Import Request.
  Time since last request: 0.000194 seconds.
  path: Assets/Prefabs/Required/Scene Manager.prefab
  artifactKey: Guid(3d3fa1272e595a34dbda348ea38f2e66) Importer(815301076,1909f56bfc062723c751e8b465ee728b)
Start importing Assets/Prefabs/Required/Scene Manager.prefab using Guid(3d3fa1272e595a34dbda348ea38f2e66) Importer(815301076,1909f56bfc062723c751e8b465ee728b)  -> (artifact id: 'd872441b3e458600742aa0dbfa88be1f') in 0.004019 seconds 
  Import took 0.006862 seconds .

========================================================================
Received Import Request.
  Time since last request: 0.000231 seconds.
  path: Assets/Prefabs/Required/Player2.prefab
  artifactKey: Guid(2b6ce1dc282e0964cb30a1e0969480c1) Importer(815301076,1909f56bfc062723c751e8b465ee728b)
Start importing Assets/Prefabs/Required/Player2.prefab using Guid(2b6ce1dc282e0964cb30a1e0969480c1) Importer(815301076,1909f56bfc062723c751e8b465ee728b)  -> (artifact id: '8f0ed519b65951278533129758167d3c') in 0.012452 seconds 
  Import took 0.015795 seconds .

========================================================================
Received Import Request.
  Time since last request: 0.007120 seconds.
  path: Assets/Prefabs/Required/Player2.prefab
  artifactKey: Guid(2b6ce1dc282e0964cb30a1e0969480c1) Importer(815301076,1909f56bfc062723c751e8b465ee728b)
Start importing Assets/Prefabs/Required/Player2.prefab using Guid(2b6ce1dc282e0964cb30a1e0969480c1) Importer(815301076,1909f56bfc062723c751e8b465ee728b)  -> (artifact id: '8f0ed519b65951278533129758167d3c') in 0.012415 seconds 
  Import took 0.015538 seconds .

========================================================================
Received Import Request.
  Time since last request: 1.805892 seconds.
  path: Assets/Prefabs/Required/Default Canvas.prefab
  artifactKey: Guid(662f1953393a30f4684f03a73302d280) Importer(815301076,1909f56bfc062723c751e8b465ee728b)
Start importing Assets/Prefabs/Required/Default Canvas.prefab using Guid(662f1953393a30f4684f03a73302d280) Importer(815301076,1909f56bfc062723c751e8b465ee728b)  -> (artifact id: 'bd7179900ed3384b3d7b777bdaea6ce4') in 0.005237 seconds 
  Import took 0.008224 seconds .

========================================================================
Received Prepare
Registering precompiled user dll's ...
Registered in 0.003590 seconds.
Begin MonoManager ReloadAssembly
Native extension for WindowsStandalone target not found
Refreshing native plugins compatible for Editor in 0.39 ms, found 3 plugins.
Preloading 0 native plugins for Editor in 0.00 ms.
Mono: successfully reloaded assembly
- Completed reload, in  0.859 seconds
Domain Reload Profiling:
	ReloadAssembly (859ms)
		BeginReloadAssembly (99ms)
			ExecutionOrderSort (0ms)
			DisableScriptedObjects (5ms)
			BackupInstance (0ms)
			ReleaseScriptingObjects (0ms)
			CreateAndSetChildDomain (32ms)
		EndReloadAssembly (707ms)
			LoadAssemblies (79ms)
			RebuildTransferFunctionScriptingTraits (0ms)
			SetupTypeCache (242ms)
			ReleaseScriptCaches (1ms)
			RebuildScriptCaches (36ms)
			SetupLoadedEditorAssemblies (261ms)
				LogAssemblyErrors (0ms)
				InitializePlatformSupportModulesInManaged (4ms)
				SetLoadedEditorAssemblies (0ms)
				RefreshPlugins (0ms)
				BeforeProcessingInitializeOnLoad (77ms)
				ProcessInitializeOnLoadAttributes (168ms)
				ProcessInitializeOnLoadMethodAttributes (5ms)
				AfterProcessingInitializeOnLoad (6ms)
				EditorAssembliesLoaded (0ms)
			ExecutionOrderSort2 (0ms)
			AwakeInstancesAfterBackupRestoration (9ms)
Platform modules already initialized, skipping
Refreshing native plugins compatible for Editor in 0.39 ms, found 3 plugins.
Preloading 0 native plugins for Editor in 0.00 ms.
Unloading 2098 Unused Serialized files (Serialized files now loaded: 0)
System memory in use before: 97.8 MB.
System memory in use after: 97.8 MB.

Unloading 22 unused Assets to reduce memory usage. Loaded Objects now: 2609.
Total: 2.256200 ms (FindLiveObjects: 0.191200 ms CreateObjectMapping: 0.066700 ms MarkObjects: 1.898300 ms  DeleteObjects: 0.099100 ms)

AssetImportParameters requested are different than current active one (requested -> active):
  custom:framework-win-MediaFoundation: 216162199b28c13a410421893ffa2e32 -> 
  custom:video-decoder-ogg-theora: a1e56fd34408186e4bbccfd4996cb3dc -> 
  custom:container-muxer-webm: aa71ff27fc2769a1b78a27578f13a17b -> 
  custom:container-demuxer-webm: 4f35f7cbe854078d1ac9338744f61a02 -> 
  custom:container-demuxer-ogg: 62fdf1f143b41e24485cea50d1cbac27 -> 
  custom:video-encoder-webm-vp8: eb34c28f22e8b96e1ab97ce403110664 -> 
  custom:video-decoder-webm-vp8: 9c59270c3fd7afecdb556c50c9e8de78 -> 
  custom:audio-decoder-ogg-vorbis: bf7c407c2cedff20999df2af8eb42d56 -> 
  custom:audio-encoder-webm-vorbis: bf7c407c2cedff20999df2af8eb42d56 -> 
========================================================================
Received Prepare
Registering precompiled user dll's ...
Registered in 0.003487 seconds.
Begin MonoManager ReloadAssembly
Native extension for WindowsStandalone target not found
Refreshing native plugins compatible for Editor in 0.44 ms, found 3 plugins.
Preloading 0 native plugins for Editor in 0.00 ms.
Mono: successfully reloaded assembly
- Completed reload, in  0.859 seconds
Domain Reload Profiling:
	ReloadAssembly (859ms)
		BeginReloadAssembly (100ms)
			ExecutionOrderSort (0ms)
			DisableScriptedObjects (5ms)
			BackupInstance (0ms)
			ReleaseScriptingObjects (0ms)
			CreateAndSetChildDomain (29ms)
		EndReloadAssembly (705ms)
			LoadAssemblies (75ms)
			RebuildTransferFunctionScriptingTraits (0ms)
			SetupTypeCache (244ms)
			ReleaseScriptCaches (1ms)
			RebuildScriptCaches (36ms)
			SetupLoadedEditorAssemblies (255ms)
				LogAssemblyErrors (0ms)
				InitializePlatformSupportModulesInManaged (4ms)
				SetLoadedEditorAssemblies (0ms)
				RefreshPlugins (0ms)
				BeforeProcessingInitializeOnLoad (78ms)
				ProcessInitializeOnLoadAttributes (161ms)
				ProcessInitializeOnLoadMethodAttributes (5ms)
				AfterProcessingInitializeOnLoad (5ms)
				EditorAssembliesLoaded (0ms)
			ExecutionOrderSort2 (0ms)
			AwakeInstancesAfterBackupRestoration (10ms)
Platform modules already initialized, skipping
Refreshing native plugins compatible for Editor in 0.39 ms, found 3 plugins.
Preloading 0 native plugins for Editor in 0.00 ms.
Unloading 2098 Unused Serialized files (Serialized files now loaded: 0)
System memory in use before: 97.9 MB.
System memory in use after: 97.8 MB.

Unloading 21 unused Assets to reduce memory usage. Loaded Objects now: 2613.
Total: 2.480600 ms (FindLiveObjects: 0.164000 ms CreateObjectMapping: 0.061800 ms MarkObjects: 2.161700 ms  DeleteObjects: 0.092200 ms)

AssetImportParameters requested are different than current active one (requested -> active):
  custom:framework-win-MediaFoundation: 216162199b28c13a410421893ffa2e32 -> 
  custom:video-decoder-ogg-theora: a1e56fd34408186e4bbccfd4996cb3dc -> 
  custom:container-muxer-webm: aa71ff27fc2769a1b78a27578f13a17b -> 
  custom:container-demuxer-webm: 4f35f7cbe854078d1ac9338744f61a02 -> 
  custom:container-demuxer-ogg: 62fdf1f143b41e24485cea50d1cbac27 -> 
  custom:video-encoder-webm-vp8: eb34c28f22e8b96e1ab97ce403110664 -> 
  custom:video-decoder-webm-vp8: 9c59270c3fd7afecdb556c50c9e8de78 -> 
  custom:audio-decoder-ogg-vorbis: bf7c407c2cedff20999df2af8eb42d56 -> 
  custom:audio-encoder-webm-vorbis: bf7c407c2cedff20999df2af8eb42d56 -> 
========================================================================
Received Import Request.
  Time since last request: 302.961126 seconds.
  path: Assets/Scenes/Level1.unity
  artifactKey: Guid(e762b60f5031f2c4f8c8e3ef6b176252) Importer(815301076,1909f56bfc062723c751e8b465ee728b)
Start importing Assets/Scenes/Level1.unity using Guid(e762b60f5031f2c4f8c8e3ef6b176252) Importer(815301076,1909f56bfc062723c751e8b465ee728b)  -> (artifact id: '5c9ef83d03754cc7e133e2753118cc2f') in 0.009571 seconds 
  Import took 0.012697 seconds .

========================================================================
Received Import Request.
  Time since last request: 13.961315 seconds.
  path: Assets/Prefabs/Required/Default Canvas.prefab
  artifactKey: Guid(662f1953393a30f4684f03a73302d280) Importer(815301076,1909f56bfc062723c751e8b465ee728b)
Start importing Assets/Prefabs/Required/Default Canvas.prefab using Guid(662f1953393a30f4684f03a73302d280) Importer(815301076,1909f56bfc062723c751e8b465ee728b)  -> (artifact id: 'feafffa0de752bef7d4641be1cca09dd') in 0.027697 seconds 
  Import took 0.030911 seconds .

========================================================================
Received Prepare
Registering precompiled user dll's ...
Registered in 0.003464 seconds.
Begin MonoManager ReloadAssembly
Native extension for WindowsStandalone target not found
Refreshing native plugins compatible for Editor in 0.65 ms, found 3 plugins.
Preloading 0 native plugins for Editor in 0.00 ms.
Mono: successfully reloaded assembly
- Completed reload, in  0.872 seconds
Domain Reload Profiling:
	ReloadAssembly (872ms)
		BeginReloadAssembly (110ms)
			ExecutionOrderSort (0ms)
			DisableScriptedObjects (5ms)
			BackupInstance (0ms)
			ReleaseScriptingObjects (0ms)
			CreateAndSetChildDomain (35ms)
		EndReloadAssembly (710ms)
			LoadAssemblies (74ms)
			RebuildTransferFunctionScriptingTraits (0ms)
			SetupTypeCache (239ms)
			ReleaseScriptCaches (1ms)
			RebuildScriptCaches (35ms)
			SetupLoadedEditorAssemblies (259ms)
				LogAssemblyErrors (0ms)
				InitializePlatformSupportModulesInManaged (5ms)
				SetLoadedEditorAssemblies (0ms)
				RefreshPlugins (1ms)
				BeforeProcessingInitializeOnLoad (82ms)
				ProcessInitializeOnLoadAttributes (161ms)
				ProcessInitializeOnLoadMethodAttributes (5ms)
				AfterProcessingInitializeOnLoad (5ms)
				EditorAssembliesLoaded (0ms)
			ExecutionOrderSort2 (0ms)
			AwakeInstancesAfterBackupRestoration (8ms)
Platform modules already initialized, skipping
Refreshing native plugins compatible for Editor in 0.40 ms, found 3 plugins.
Preloading 0 native plugins for Editor in 0.00 ms.
Unloading 2098 Unused Serialized files (Serialized files now loaded: 0)
System memory in use before: 97.9 MB.
System memory in use after: 97.9 MB.

Unloading 21 unused Assets to reduce memory usage. Loaded Objects now: 2617.
Total: 2.345600 ms (FindLiveObjects: 0.174400 ms CreateObjectMapping: 0.062100 ms MarkObjects: 2.012000 ms  DeleteObjects: 0.096200 ms)

AssetImportParameters requested are different than current active one (requested -> active):
  custom:framework-win-MediaFoundation: 216162199b28c13a410421893ffa2e32 -> 
  custom:video-decoder-ogg-theora: a1e56fd34408186e4bbccfd4996cb3dc -> 
  custom:container-muxer-webm: aa71ff27fc2769a1b78a27578f13a17b -> 
  custom:container-demuxer-webm: 4f35f7cbe854078d1ac9338744f61a02 -> 
  custom:container-demuxer-ogg: 62fdf1f143b41e24485cea50d1cbac27 -> 
  custom:video-encoder-webm-vp8: eb34c28f22e8b96e1ab97ce403110664 -> 
  custom:video-decoder-webm-vp8: 9c59270c3fd7afecdb556c50c9e8de78 -> 
  custom:audio-decoder-ogg-vorbis: bf7c407c2cedff20999df2af8eb42d56 -> 
  custom:audio-encoder-webm-vorbis: bf7c407c2cedff20999df2af8eb42d56 -> 
========================================================================
Received Import Request.
  Time since last request: 5.069812 seconds.
  path: Assets/Prefabs/Required/Default Canvas.prefab
  artifactKey: Guid(662f1953393a30f4684f03a73302d280) Importer(815301076,1909f56bfc062723c751e8b465ee728b)
Start importing Assets/Prefabs/Required/Default Canvas.prefab using Guid(662f1953393a30f4684f03a73302d280) Importer(815301076,1909f56bfc062723c751e8b465ee728b)  -> (artifact id: 'd282d84247bf0700a223cc2301a6f394') in 0.032484 seconds 
  Import took 0.035314 seconds .

========================================================================
Received Prepare
Registering precompiled user dll's ...
Registered in 0.003757 seconds.
Begin MonoManager ReloadAssembly
Native extension for WindowsStandalone target not found
Refreshing native plugins compatible for Editor in 0.39 ms, found 3 plugins.
Preloading 0 native plugins for Editor in 0.00 ms.
Mono: successfully reloaded assembly
- Completed reload, in  0.845 seconds
Domain Reload Profiling:
	ReloadAssembly (845ms)
		BeginReloadAssembly (97ms)
			ExecutionOrderSort (0ms)
			DisableScriptedObjects (5ms)
			BackupInstance (0ms)
			ReleaseScriptingObjects (0ms)
			CreateAndSetChildDomain (27ms)
		EndReloadAssembly (696ms)
			LoadAssemblies (74ms)
			RebuildTransferFunctionScriptingTraits (0ms)
			SetupTypeCache (230ms)
			ReleaseScriptCaches (1ms)
			RebuildScriptCaches (35ms)
			SetupLoadedEditorAssemblies (268ms)
				LogAssemblyErrors (0ms)
				InitializePlatformSupportModulesInManaged (4ms)
				SetLoadedEditorAssemblies (0ms)
				RefreshPlugins (0ms)
				BeforeProcessingInitializeOnLoad (86ms)
				ProcessInitializeOnLoadAttributes (167ms)
				ProcessInitializeOnLoadMethodAttributes (5ms)
				AfterProcessingInitializeOnLoad (5ms)
				EditorAssembliesLoaded (0ms)
			ExecutionOrderSort2 (0ms)
			AwakeInstancesAfterBackupRestoration (8ms)
Platform modules already initialized, skipping
Refreshing native plugins compatible for Editor in 0.46 ms, found 3 plugins.
Preloading 0 native plugins for Editor in 0.00 ms.
Unloading 2098 Unused Serialized files (Serialized files now loaded: 0)
System memory in use before: 97.9 MB.
System memory in use after: 97.9 MB.

Unloading 21 unused Assets to reduce memory usage. Loaded Objects now: 2621.
Total: 2.741000 ms (FindLiveObjects: 0.211700 ms CreateObjectMapping: 0.073300 ms MarkObjects: 2.340900 ms  DeleteObjects: 0.113400 ms)

AssetImportParameters requested are different than current active one (requested -> active):
  custom:framework-win-MediaFoundation: 216162199b28c13a410421893ffa2e32 -> 
  custom:video-decoder-ogg-theora: a1e56fd34408186e4bbccfd4996cb3dc -> 
  custom:container-muxer-webm: aa71ff27fc2769a1b78a27578f13a17b -> 
  custom:container-demuxer-webm: 4f35f7cbe854078d1ac9338744f61a02 -> 
  custom:container-demuxer-ogg: 62fdf1f143b41e24485cea50d1cbac27 -> 
  custom:video-encoder-webm-vp8: eb34c28f22e8b96e1ab97ce403110664 -> 
  custom:video-decoder-webm-vp8: 9c59270c3fd7afecdb556c50c9e8de78 -> 
  custom:audio-decoder-ogg-vorbis: bf7c407c2cedff20999df2af8eb42d56 -> 
  custom:audio-encoder-webm-vorbis: bf7c407c2cedff20999df2af8eb42d56 -> 
========================================================================
Received Prepare
Registering precompiled user dll's ...
Registered in 0.003541 seconds.
Begin MonoManager ReloadAssembly
Native extension for WindowsStandalone target not found
Refreshing native plugins compatible for Editor in 0.40 ms, found 3 plugins.
Preloading 0 native plugins for Editor in 0.00 ms.
Mono: successfully reloaded assembly
- Completed reload, in  0.861 seconds
Domain Reload Profiling:
	ReloadAssembly (862ms)
		BeginReloadAssembly (108ms)
			ExecutionOrderSort (0ms)
			DisableScriptedObjects (5ms)
			BackupInstance (0ms)
			ReleaseScriptingObjects (0ms)
			CreateAndSetChildDomain (26ms)
		EndReloadAssembly (701ms)
			LoadAssemblies (79ms)
			RebuildTransferFunctionScriptingTraits (0ms)
			SetupTypeCache (237ms)
			ReleaseScriptCaches (1ms)
			RebuildScriptCaches (35ms)
			SetupLoadedEditorAssemblies (261ms)
				LogAssemblyErrors (0ms)
				InitializePlatformSupportModulesInManaged (4ms)
				SetLoadedEditorAssemblies (0ms)
				RefreshPlugins (0ms)
				BeforeProcessingInitializeOnLoad (83ms)
				ProcessInitializeOnLoadAttributes (162ms)
				ProcessInitializeOnLoadMethodAttributes (5ms)
				AfterProcessingInitializeOnLoad (5ms)
				EditorAssembliesLoaded (0ms)
			ExecutionOrderSort2 (0ms)
			AwakeInstancesAfterBackupRestoration (9ms)
Platform modules already initialized, skipping
Refreshing native plugins compatible for Editor in 0.43 ms, found 3 plugins.
Preloading 0 native plugins for Editor in 0.00 ms.
Unloading 2098 Unused Serialized files (Serialized files now loaded: 0)
System memory in use before: 97.9 MB.
System memory in use after: 97.9 MB.

Unloading 21 unused Assets to reduce memory usage. Loaded Objects now: 2625.
Total: 2.462500 ms (FindLiveObjects: 0.179000 ms CreateObjectMapping: 0.064000 ms MarkObjects: 2.129700 ms  DeleteObjects: 0.088700 ms)

AssetImportParameters requested are different than current active one (requested -> active):
  custom:framework-win-MediaFoundation: 216162199b28c13a410421893ffa2e32 -> 
  custom:video-decoder-ogg-theora: a1e56fd34408186e4bbccfd4996cb3dc -> 
  custom:container-muxer-webm: aa71ff27fc2769a1b78a27578f13a17b -> 
  custom:container-demuxer-webm: 4f35f7cbe854078d1ac9338744f61a02 -> 
  custom:container-demuxer-ogg: 62fdf1f143b41e24485cea50d1cbac27 -> 
  custom:video-encoder-webm-vp8: eb34c28f22e8b96e1ab97ce403110664 -> 
  custom:video-decoder-webm-vp8: 9c59270c3fd7afecdb556c50c9e8de78 -> 
  custom:audio-decoder-ogg-vorbis: bf7c407c2cedff20999df2af8eb42d56 -> 
  custom:audio-encoder-webm-vorbis: bf7c407c2cedff20999df2af8eb42d56 -> 
========================================================================
Received Import Request.
  Time since last request: 293.252730 seconds.
  path: Assets/Sprites/next level.png
  artifactKey: Guid(e95df7165ae682d4e8642a2d600c3136) Importer(815301076,1909f56bfc062723c751e8b465ee728b)
Start importing Assets/Sprites/next level.png using Guid(e95df7165ae682d4e8642a2d600c3136) Importer(815301076,1909f56bfc062723c751e8b465ee728b)  -> (artifact id: 'cdcde3e156171800e00c3fb4ac39d59c') in 0.042215 seconds 
  Import took 0.045716 seconds .

========================================================================
Received Import Request.
  Time since last request: 0.000264 seconds.
  path: Assets/Sprites/Pause menu background.png
  artifactKey: Guid(506bf685115c7f847b00a8f2ad67e5ae) Importer(815301076,1909f56bfc062723c751e8b465ee728b)
Start importing Assets/Sprites/Pause menu background.png using Guid(506bf685115c7f847b00a8f2ad67e5ae) Importer(815301076,1909f56bfc062723c751e8b465ee728b)  -> (artifact id: '6a6a2dd2dcc9d49616476e5a2d97da73') in 0.012198 seconds 
  Import took 0.014796 seconds .

========================================================================
Received Import Request.
  Time since last request: 0.000277 seconds.
  path: Assets/Sprites/next level.png
  artifactKey: Guid(e95df7165ae682d4e8642a2d600c3136) Importer(815301076,1909f56bfc062723c751e8b465ee728b)
Start importing Assets/Sprites/next level.png using Guid(e95df7165ae682d4e8642a2d600c3136) Importer(815301076,1909f56bfc062723c751e8b465ee728b)  -> (artifact id: 'cdcde3e156171800e00c3fb4ac39d59c') in 0.006922 seconds 
  Import took 0.009764 seconds .

========================================================================
Received Import Request.
  Time since last request: 0.000244 seconds.
  path: Assets/Sprites/Player Button.png
  artifactKey: Guid(f86db91b58497104e8fbd99d91783805) Importer(815301076,1909f56bfc062723c751e8b465ee728b)
Start importing Assets/Sprites/Player Button.png using Guid(f86db91b58497104e8fbd99d91783805) Importer(815301076,1909f56bfc062723c751e8b465ee728b)  -> (artifact id: '04bc5c95aafef8dc860b6d24e739287d') in 0.017457 seconds 
  Import took 0.020309 seconds .

========================================================================
Received Import Request.
  Time since last request: 0.000272 seconds.
  path: Assets/Sprites/Pause menu background.png
  artifactKey: Guid(506bf685115c7f847b00a8f2ad67e5ae) Importer(815301076,1909f56bfc062723c751e8b465ee728b)
Start importing Assets/Sprites/Pause menu background.png using Guid(506bf685115c7f847b00a8f2ad67e5ae) Importer(815301076,1909f56bfc062723c751e8b465ee728b)  -> (artifact id: '6a6a2dd2dcc9d49616476e5a2d97da73') in 0.008166 seconds 
  Import took 0.010883 seconds .

========================================================================
Received Import Request.
  Time since last request: 0.010811 seconds.
  path: Assets/Sprites/Player Button.png
  artifactKey: Guid(f86db91b58497104e8fbd99d91783805) Importer(815301076,1909f56bfc062723c751e8b465ee728b)
Start importing Assets/Sprites/Player Button.png using Guid(f86db91b58497104e8fbd99d91783805) Importer(815301076,1909f56bfc062723c751e8b465ee728b)  -> (artifact id: '04bc5c95aafef8dc860b6d24e739287d') in 0.012599 seconds 
  Import took 0.015808 seconds .

========================================================================
Received Import Request.
  Time since last request: 1.819520 seconds.
  path: Assets/Sprites/Cannon Sprite.png
  artifactKey: Guid(b95ee6789ee1a4841a3478f469cebfbd) Importer(815301076,1909f56bfc062723c751e8b465ee728b)
Start importing Assets/Sprites/Cannon Sprite.png using Guid(b95ee6789ee1a4841a3478f469cebfbd) Importer(815301076,1909f56bfc062723c751e8b465ee728b)  -> (artifact id: '2fa1a3a288fba468907962bedef37679') in 0.014060 seconds 
  Import took 0.016987 seconds .

========================================================================
Received Import Request.
  Time since last request: 0.005392 seconds.
  path: Assets/Sprites/Cannon Sprite.png
  artifactKey: Guid(b95ee6789ee1a4841a3478f469cebfbd) Importer(815301076,1909f56bfc062723c751e8b465ee728b)
Start importing Assets/Sprites/Cannon Sprite.png using Guid(b95ee6789ee1a4841a3478f469cebfbd) Importer(815301076,1909f56bfc062723c751e8b465ee728b)  -> (artifact id: '2fa1a3a288fba468907962bedef37679') in 0.008396 seconds 
  Import took 0.011304 seconds .

========================================================================
Received Prepare
Registering precompiled user dll's ...
Registered in 0.003659 seconds.
Begin MonoManager ReloadAssembly
Native extension for WindowsStandalone target not found
Refreshing native plugins compatible for Editor in 0.42 ms, found 3 plugins.
Preloading 0 native plugins for Editor in 0.00 ms.
Mono: successfully reloaded assembly
- Completed reload, in  0.845 seconds
Domain Reload Profiling:
	ReloadAssembly (845ms)
		BeginReloadAssembly (102ms)
			ExecutionOrderSort (0ms)
			DisableScriptedObjects (5ms)
			BackupInstance (0ms)
			ReleaseScriptingObjects (0ms)
			CreateAndSetChildDomain (28ms)
		EndReloadAssembly (692ms)
			LoadAssemblies (77ms)
			RebuildTransferFunctionScriptingTraits (0ms)
			SetupTypeCache (233ms)
			ReleaseScriptCaches (1ms)
			RebuildScriptCaches (35ms)
			SetupLoadedEditorAssemblies (252ms)
				LogAssemblyErrors (0ms)
				InitializePlatformSupportModulesInManaged (4ms)
				SetLoadedEditorAssemblies (0ms)
				RefreshPlugins (0ms)
				BeforeProcessingInitializeOnLoad (76ms)
				ProcessInitializeOnLoadAttributes (161ms)
				ProcessInitializeOnLoadMethodAttributes (5ms)
				AfterProcessingInitializeOnLoad (5ms)
				EditorAssembliesLoaded (0ms)
			ExecutionOrderSort2 (0ms)
			AwakeInstancesAfterBackupRestoration (10ms)
Platform modules already initialized, skipping
Refreshing native plugins compatible for Editor in 0.43 ms, found 3 plugins.
Preloading 0 native plugins for Editor in 0.00 ms.
Unloading 2098 Unused Serialized files (Serialized files now loaded: 0)
System memory in use before: 97.9 MB.
System memory in use after: 97.9 MB.

Unloading 21 unused Assets to reduce memory usage. Loaded Objects now: 2640.
Total: 2.012100 ms (FindLiveObjects: 0.175700 ms CreateObjectMapping: 0.070300 ms MarkObjects: 1.671800 ms  DeleteObjects: 0.093700 ms)

AssetImportParameters requested are different than current active one (requested -> active):
  custom:framework-win-MediaFoundation: 216162199b28c13a410421893ffa2e32 -> 
  custom:video-decoder-ogg-theora: a1e56fd34408186e4bbccfd4996cb3dc -> 
  custom:container-muxer-webm: aa71ff27fc2769a1b78a27578f13a17b -> 
  custom:container-demuxer-webm: 4f35f7cbe854078d1ac9338744f61a02 -> 
  custom:container-demuxer-ogg: 62fdf1f143b41e24485cea50d1cbac27 -> 
  custom:video-encoder-webm-vp8: eb34c28f22e8b96e1ab97ce403110664 -> 
  custom:video-decoder-webm-vp8: 9c59270c3fd7afecdb556c50c9e8de78 -> 
  custom:audio-decoder-ogg-vorbis: bf7c407c2cedff20999df2af8eb42d56 -> 
  custom:audio-encoder-webm-vorbis: bf7c407c2cedff20999df2af8eb42d56 -> 
========================================================================
Received Prepare
Registering precompiled user dll's ...
Registered in 0.003372 seconds.
Begin MonoManager ReloadAssembly
Native extension for WindowsStandalone target not found
Refreshing native plugins compatible for Editor in 0.39 ms, found 3 plugins.
Preloading 0 native plugins for Editor in 0.00 ms.
Mono: successfully reloaded assembly
- Completed reload, in  0.852 seconds
Domain Reload Profiling:
	ReloadAssembly (853ms)
		BeginReloadAssembly (88ms)
			ExecutionOrderSort (0ms)
			DisableScriptedObjects (5ms)
			BackupInstance (0ms)
			ReleaseScriptingObjects (0ms)
			CreateAndSetChildDomain (27ms)
		EndReloadAssembly (714ms)
			LoadAssemblies (75ms)
			RebuildTransferFunctionScriptingTraits (0ms)
			SetupTypeCache (244ms)
			ReleaseScriptCaches (1ms)
			RebuildScriptCaches (35ms)
			SetupLoadedEditorAssemblies (270ms)
				LogAssemblyErrors (0ms)
				InitializePlatformSupportModulesInManaged (4ms)
				SetLoadedEditorAssemblies (0ms)
				RefreshPlugins (0ms)
				BeforeProcessingInitializeOnLoad (94ms)
				ProcessInitializeOnLoadAttributes (161ms)
				ProcessInitializeOnLoadMethodAttributes (5ms)
				AfterProcessingInitializeOnLoad (5ms)
				EditorAssembliesLoaded (0ms)
			ExecutionOrderSort2 (0ms)
			AwakeInstancesAfterBackupRestoration (9ms)
Platform modules already initialized, skipping
Refreshing native plugins compatible for Editor in 0.45 ms, found 3 plugins.
Preloading 0 native plugins for Editor in 0.00 ms.
Unloading 2098 Unused Serialized files (Serialized files now loaded: 0)
System memory in use before: 97.9 MB.
System memory in use after: 97.9 MB.

Unloading 21 unused Assets to reduce memory usage. Loaded Objects now: 2644.
Total: 2.169200 ms (FindLiveObjects: 0.179300 ms CreateObjectMapping: 0.060700 ms MarkObjects: 1.837500 ms  DeleteObjects: 0.090700 ms)

AssetImportParameters requested are different than current active one (requested -> active):
  custom:framework-win-MediaFoundation: 216162199b28c13a410421893ffa2e32 -> 
  custom:video-decoder-ogg-theora: a1e56fd34408186e4bbccfd4996cb3dc -> 
  custom:container-muxer-webm: aa71ff27fc2769a1b78a27578f13a17b -> 
  custom:container-demuxer-webm: 4f35f7cbe854078d1ac9338744f61a02 -> 
  custom:container-demuxer-ogg: 62fdf1f143b41e24485cea50d1cbac27 -> 
  custom:video-encoder-webm-vp8: eb34c28f22e8b96e1ab97ce403110664 -> 
  custom:video-decoder-webm-vp8: 9c59270c3fd7afecdb556c50c9e8de78 -> 
  custom:audio-decoder-ogg-vorbis: bf7c407c2cedff20999df2af8eb42d56 -> 
  custom:audio-encoder-webm-vorbis: bf7c407c2cedff20999df2af8eb42d56 -> 
========================================================================
Received Prepare
Registering precompiled user dll's ...
Registered in 0.003639 seconds.
Begin MonoManager ReloadAssembly
Native extension for WindowsStandalone target not found
Refreshing native plugins compatible for Editor in 0.83 ms, found 3 plugins.
Preloading 0 native plugins for Editor in 0.00 ms.
Mono: successfully reloaded assembly
- Completed reload, in  0.875 seconds
Domain Reload Profiling:
	ReloadAssembly (875ms)
		BeginReloadAssembly (91ms)
			ExecutionOrderSort (0ms)
			DisableScriptedObjects (5ms)
			BackupInstance (0ms)
			ReleaseScriptingObjects (0ms)
			CreateAndSetChildDomain (26ms)
		EndReloadAssembly (734ms)
			LoadAssemblies (73ms)
			RebuildTransferFunctionScriptingTraits (0ms)
			SetupTypeCache (241ms)
			ReleaseScriptCaches (1ms)
			RebuildScriptCaches (42ms)
			SetupLoadedEditorAssemblies (274ms)
				LogAssemblyErrors (0ms)
				InitializePlatformSupportModulesInManaged (7ms)
				SetLoadedEditorAssemblies (1ms)
				RefreshPlugins (1ms)
				BeforeProcessingInitializeOnLoad (90ms)
				ProcessInitializeOnLoadAttributes (163ms)
				ProcessInitializeOnLoadMethodAttributes (5ms)
				AfterProcessingInitializeOnLoad (7ms)
				EditorAssembliesLoaded (0ms)
			ExecutionOrderSort2 (0ms)
			AwakeInstancesAfterBackupRestoration (9ms)
Platform modules already initialized, skipping
Refreshing native plugins compatible for Editor in 0.40 ms, found 3 plugins.
Preloading 0 native plugins for Editor in 0.00 ms.
Unloading 2098 Unused Serialized files (Serialized files now loaded: 0)
System memory in use before: 98.0 MB.
System memory in use after: 97.9 MB.

Unloading 21 unused Assets to reduce memory usage. Loaded Objects now: 2648.
Total: 2.429900 ms (FindLiveObjects: 0.173600 ms CreateObjectMapping: 0.057700 ms MarkObjects: 2.110200 ms  DeleteObjects: 0.087600 ms)

AssetImportParameters requested are different than current active one (requested -> active):
  custom:framework-win-MediaFoundation: 216162199b28c13a410421893ffa2e32 -> 
  custom:video-decoder-ogg-theora: a1e56fd34408186e4bbccfd4996cb3dc -> 
  custom:container-muxer-webm: aa71ff27fc2769a1b78a27578f13a17b -> 
  custom:container-demuxer-webm: 4f35f7cbe854078d1ac9338744f61a02 -> 
  custom:container-demuxer-ogg: 62fdf1f143b41e24485cea50d1cbac27 -> 
  custom:video-encoder-webm-vp8: eb34c28f22e8b96e1ab97ce403110664 -> 
  custom:video-decoder-webm-vp8: 9c59270c3fd7afecdb556c50c9e8de78 -> 
  custom:audio-decoder-ogg-vorbis: bf7c407c2cedff20999df2af8eb42d56 -> 
  custom:audio-encoder-webm-vorbis: bf7c407c2cedff20999df2af8eb42d56 -> 
========================================================================
Received Import Request.
  Time since last request: 500.338197 seconds.
  path: Assets/Scenes/Template.unity
  artifactKey: Guid(08b31e8c78010104a98b3ac6573f749c) Importer(815301076,1909f56bfc062723c751e8b465ee728b)
Start importing Assets/Scenes/Template.unity using Guid(08b31e8c78010104a98b3ac6573f749c) Importer(815301076,1909f56bfc062723c751e8b465ee728b)  -> (artifact id: '498834a8c9e2f687bbfc8fc588e1436e') in 0.016185 seconds 
  Import took 0.019254 seconds .

AssetImportWorkerClient::OnTransportError - code=2 error=End of file
